

Started GET "/" for 127.0.0.1 at 2018-11-22 22:20:09 +0530
Processing by Rails::WelcomeController#index as HTML
  Rendered /usr/lib/ruby/vendor_ruby/rails/templates/rails/welcome/index.html.erb (17.2ms)
Completed 200 OK in 124ms (Views: 78.4ms)


Started GET "/rails/info/properties" for 127.0.0.1 at 2018-11-22 22:23:54 +0530
Processing by Rails::InfoController#properties as */*
  Rendered /usr/lib/ruby/vendor_ruby/rails/templates/rails/info/properties.html.erb (0.4ms)
Completed 200 OK in 73ms (Views: 41.0ms)


Started GET "/" for 127.0.0.1 at 2018-11-23 00:51:05 +0530
Processing by Rails::WelcomeController#index as HTML
  Rendered /usr/lib/ruby/vendor_ruby/rails/templates/rails/welcome/index.html.erb (1.5ms)
Completed 200 OK in 18ms (Views: 9.6ms)


Started GET "/" for 127.0.0.1 at 2018-11-23 01:05:51 +0530
Processing by Rails::WelcomeController#index as HTML
  Rendered /usr/lib/ruby/vendor_ruby/rails/templates/rails/welcome/index.html.erb (0.1ms)
Completed 200 OK in 2ms (Views: 1.4ms)


Started GET "/Users" for 127.0.0.1 at 2018-11-23 01:05:57 +0530

ActionController::RoutingError (No route matches [GET] "/Users"):
  


  Rendered /usr/lib/ruby/vendor_ruby/action_dispatch/middleware/templates/rescues/_trace.html.erb (3.4ms)
  Rendered /usr/lib/ruby/vendor_ruby/action_dispatch/middleware/templates/routes/_route.html.erb (1.0ms)
  Rendered /usr/lib/ruby/vendor_ruby/action_dispatch/middleware/templates/routes/_table.html.erb (40.7ms)
  Rendered /usr/lib/ruby/vendor_ruby/action_dispatch/middleware/templates/rescues/_request_and_response.html.erb (1.5ms)
  Rendered /usr/lib/ruby/vendor_ruby/action_dispatch/middleware/templates/rescues/routing_error.html.erb within rescues/layout (97.7ms)
  Rendered /usr/lib/ruby/vendor_ruby/web_console/templates/_markup.html.erb (0.5ms)
  Rendered /usr/lib/ruby/vendor_ruby/web_console/templates/_inner_console_markup.html.erb within layouts/inlined_string (0.3ms)
  Rendered /usr/lib/ruby/vendor_ruby/web_console/templates/_prompt_box_markup.html.erb within layouts/inlined_string (0.2ms)
  Rendered /usr/lib/ruby/vendor_ruby/web_console/templates/style.css.erb within layouts/inlined_string (0.3ms)
  Rendered /usr/lib/ruby/vendor_ruby/web_console/templates/console.js.erb within layouts/javascript (15.5ms)
  Rendered /usr/lib/ruby/vendor_ruby/web_console/templates/main.js.erb within layouts/javascript (0.3ms)
  Rendered /usr/lib/ruby/vendor_ruby/web_console/templates/error_page.js.erb within layouts/javascript (0.6ms)
  Rendered /usr/lib/ruby/vendor_ruby/web_console/templates/index.html.erb (58.6ms)


Started GET "/User" for 127.0.0.1 at 2018-11-23 01:06:01 +0530

ActionController::RoutingError (No route matches [GET] "/User"):
  


  Rendered /usr/lib/ruby/vendor_ruby/action_dispatch/middleware/templates/rescues/_trace.html.erb (1.0ms)
  Rendered /usr/lib/ruby/vendor_ruby/action_dispatch/middleware/templates/routes/_route.html.erb (0.9ms)
  Rendered /usr/lib/ruby/vendor_ruby/action_dispatch/middleware/templates/routes/_table.html.erb (1.1ms)
  Rendered /usr/lib/ruby/vendor_ruby/action_dispatch/middleware/templates/rescues/_request_and_response.html.erb (1.3ms)
  Rendered /usr/lib/ruby/vendor_ruby/action_dispatch/middleware/templates/rescues/routing_error.html.erb within rescues/layout (19.6ms)
  Rendered /usr/lib/ruby/vendor_ruby/web_console/templates/_markup.html.erb (0.4ms)
  Rendered /usr/lib/ruby/vendor_ruby/web_console/templates/_inner_console_markup.html.erb within layouts/inlined_string (0.2ms)
  Rendered /usr/lib/ruby/vendor_ruby/web_console/templates/_prompt_box_markup.html.erb within layouts/inlined_string (0.3ms)
  Rendered /usr/lib/ruby/vendor_ruby/web_console/templates/style.css.erb within layouts/inlined_string (0.3ms)
  Rendered /usr/lib/ruby/vendor_ruby/web_console/templates/console.js.erb within layouts/javascript (13.4ms)
  Rendered /usr/lib/ruby/vendor_ruby/web_console/templates/main.js.erb within layouts/javascript (0.3ms)
  Rendered /usr/lib/ruby/vendor_ruby/web_console/templates/error_page.js.erb within layouts/javascript (0.5ms)
  Rendered /usr/lib/ruby/vendor_ruby/web_console/templates/index.html.erb (26.6ms)


Started GET "/myapp" for 127.0.0.1 at 2018-11-23 01:06:14 +0530

ActionController::RoutingError (No route matches [GET] "/myapp"):
  


  Rendered /usr/lib/ruby/vendor_ruby/action_dispatch/middleware/templates/rescues/_trace.html.erb (1.2ms)
  Rendered /usr/lib/ruby/vendor_ruby/action_dispatch/middleware/templates/routes/_route.html.erb (0.7ms)
  Rendered /usr/lib/ruby/vendor_ruby/action_dispatch/middleware/templates/routes/_table.html.erb (1.0ms)
  Rendered /usr/lib/ruby/vendor_ruby/action_dispatch/middleware/templates/rescues/_request_and_response.html.erb (1.5ms)
  Rendered /usr/lib/ruby/vendor_ruby/action_dispatch/middleware/templates/rescues/routing_error.html.erb within rescues/layout (20.1ms)
  Rendered /usr/lib/ruby/vendor_ruby/web_console/templates/_markup.html.erb (0.4ms)
  Rendered /usr/lib/ruby/vendor_ruby/web_console/templates/_inner_console_markup.html.erb within layouts/inlined_string (0.3ms)
  Rendered /usr/lib/ruby/vendor_ruby/web_console/templates/_prompt_box_markup.html.erb within layouts/inlined_string (0.4ms)
  Rendered /usr/lib/ruby/vendor_ruby/web_console/templates/style.css.erb within layouts/inlined_string (0.3ms)
  Rendered /usr/lib/ruby/vendor_ruby/web_console/templates/console.js.erb within layouts/javascript (13.9ms)
  Rendered /usr/lib/ruby/vendor_ruby/web_console/templates/main.js.erb within layouts/javascript (0.2ms)
  Rendered /usr/lib/ruby/vendor_ruby/web_console/templates/error_page.js.erb within layouts/javascript (2.8ms)
  Rendered /usr/lib/ruby/vendor_ruby/web_console/templates/index.html.erb (29.6ms)


Started GET "/Users" for 127.0.0.1 at 2018-11-23 01:07:27 +0530

ActionController::RoutingError (No route matches [GET] "/Users"):
  


  Rendered /usr/lib/ruby/vendor_ruby/action_dispatch/middleware/templates/rescues/_trace.html.erb (1.3ms)
  Rendered /usr/lib/ruby/vendor_ruby/action_dispatch/middleware/templates/routes/_route.html.erb (0.8ms)
  Rendered /usr/lib/ruby/vendor_ruby/action_dispatch/middleware/templates/routes/_table.html.erb (1.1ms)
  Rendered /usr/lib/ruby/vendor_ruby/action_dispatch/middleware/templates/rescues/_request_and_response.html.erb (1.3ms)
  Rendered /usr/lib/ruby/vendor_ruby/action_dispatch/middleware/templates/rescues/routing_error.html.erb within rescues/layout (20.5ms)
  Rendered /usr/lib/ruby/vendor_ruby/web_console/templates/_markup.html.erb (0.3ms)
  Rendered /usr/lib/ruby/vendor_ruby/web_console/templates/_inner_console_markup.html.erb within layouts/inlined_string (0.3ms)
  Rendered /usr/lib/ruby/vendor_ruby/web_console/templates/_prompt_box_markup.html.erb within layouts/inlined_string (0.3ms)
  Rendered /usr/lib/ruby/vendor_ruby/web_console/templates/style.css.erb within layouts/inlined_string (0.6ms)
  Rendered /usr/lib/ruby/vendor_ruby/web_console/templates/console.js.erb within layouts/javascript (14.1ms)
  Rendered /usr/lib/ruby/vendor_ruby/web_console/templates/main.js.erb within layouts/javascript (0.3ms)
  Rendered /usr/lib/ruby/vendor_ruby/web_console/templates/error_page.js.erb within layouts/javascript (0.3ms)
  Rendered /usr/lib/ruby/vendor_ruby/web_console/templates/index.html.erb (26.7ms)


Started GET "/Users" for 127.0.0.1 at 2018-11-23 01:07:57 +0530

ActionController::RoutingError (No route matches [GET] "/Users"):
  


  Rendered /usr/lib/ruby/vendor_ruby/action_dispatch/middleware/templates/rescues/_trace.html.erb (0.9ms)
  Rendered /usr/lib/ruby/vendor_ruby/action_dispatch/middleware/templates/routes/_route.html.erb (0.8ms)
  Rendered /usr/lib/ruby/vendor_ruby/action_dispatch/middleware/templates/routes/_table.html.erb (1.1ms)
  Rendered /usr/lib/ruby/vendor_ruby/action_dispatch/middleware/templates/rescues/_request_and_response.html.erb (1.1ms)
  Rendered /usr/lib/ruby/vendor_ruby/action_dispatch/middleware/templates/rescues/routing_error.html.erb within rescues/layout (19.5ms)
  Rendered /usr/lib/ruby/vendor_ruby/web_console/templates/_markup.html.erb (0.3ms)
  Rendered /usr/lib/ruby/vendor_ruby/web_console/templates/_inner_console_markup.html.erb within layouts/inlined_string (0.3ms)
  Rendered /usr/lib/ruby/vendor_ruby/web_console/templates/_prompt_box_markup.html.erb within layouts/inlined_string (0.2ms)
  Rendered /usr/lib/ruby/vendor_ruby/web_console/templates/style.css.erb within layouts/inlined_string (0.3ms)
  Rendered /usr/lib/ruby/vendor_ruby/web_console/templates/console.js.erb within layouts/javascript (12.5ms)
  Rendered /usr/lib/ruby/vendor_ruby/web_console/templates/main.js.erb within layouts/javascript (0.3ms)
  Rendered /usr/lib/ruby/vendor_ruby/web_console/templates/error_page.js.erb within layouts/javascript (0.4ms)
  Rendered /usr/lib/ruby/vendor_ruby/web_console/templates/index.html.erb (25.6ms)


Started GET "/" for 127.0.0.1 at 2018-11-23 01:08:01 +0530
Processing by Rails::WelcomeController#index as HTML
  Rendered /usr/lib/ruby/vendor_ruby/rails/templates/rails/welcome/index.html.erb (0.1ms)
Completed 200 OK in 1ms (Views: 1.0ms)


Started GET "/users" for 127.0.0.1 at 2018-11-23 01:08:06 +0530
Processing by UsersController#index as HTML
  Rendered users/index.html.erb within layouts/application (3.7ms)
Completed 200 OK in 3320ms (Views: 3260.1ms)


Started GET "/assets/scaffolds.self-b51f1e98147cd08c45c6e7577cd6c0873fe97624f4bea55f13a2ace7f35a0e25.css?body=1" for 127.0.0.1 at 2018-11-23 01:08:09 +0530


Started GET "/assets/turbolinks.self-6d31c9800156926aa02076f914b9e3c031e14c4c2bff50ee018c18f77fbedfc1.js?body=1" for 127.0.0.1 at 2018-11-23 01:08:09 +0530


Started GET "/assets/users.self-877aef30ae1b040ab8a3aba4e3e309a11d7f2612f44dde450b5c157aa5f95c05.js?body=1" for 127.0.0.1 at 2018-11-23 01:08:09 +0530


Started GET "/assets/jquery_ujs.self-784a997f6726036b1993eb2217c9cb558e1cbb801c6da88105588c56f13b466a.js?body=1" for 127.0.0.1 at 2018-11-23 01:08:09 +0530


Started GET "/assets/jquery.self-bd7ddd393353a8d2480a622e80342adf488fb6006d667e8b42e4c0073393abee.js?body=1" for 127.0.0.1 at 2018-11-23 01:08:09 +0530


Started GET "/assets/users.self-e3b0c44298fc1c149afbf4c8996fb92427ae41e4649b934ca495991b7852b855.css?body=1" for 127.0.0.1 at 2018-11-23 01:08:09 +0530


Started GET "/assets/application.self-e80e8f2318043e8af94dddc2adad5a4f09739a8ebb323b3ab31cd71d45fd9113.css?body=1" for 127.0.0.1 at 2018-11-23 01:08:09 +0530


Started GET "/assets/application.self-3b8dabdc891efe46b9a144b400ad69e37d7e5876bdc39dee783419a69d7ca819.js?body=1" for 127.0.0.1 at 2018-11-23 01:08:09 +0530


Started GET "/users/new" for 127.0.0.1 at 2018-11-23 01:08:12 +0530
Processing by UsersController#new as HTML
  Rendered users/_form.html.erb (51.1ms)
  Rendered users/new.html.erb within layouts/application (52.2ms)
Completed 200 OK in 77ms (Views: 76.2ms)


Started POST "/users" for 127.0.0.1 at 2018-11-23 01:11:16 +0530
Processing by UsersController#create as HTML
  Parameters: {"utf8"=>"✓", "authenticity_token"=>"yGjfn1yTcneNeEfB/L518oC05W9Ptpi89MM+k8my6bR944wqWwW9R8sh92zXZR5vZLed10t0qtQLyBDZBV5LkA==", "user"=>{"Name"=>"Joel", "Email"=>"joelsubash7@gmail.com", "Phone_No"=>"9790961789", "Password"=>"[FILTERED]", "Confirm_Password"=>"[FILTERED]"}, "commit"=>"Create User"}
Redirected to http://0.0.0.0:3000/users/5bf7065cdcc4ea1420000000
Completed 302 Found in 337ms


Started GET "/users/5bf7065cdcc4ea1420000000" for 127.0.0.1 at 2018-11-23 01:11:16 +0530
Processing by UsersController#show as HTML
  Parameters: {"id"=>"5bf7065cdcc4ea1420000000"}
  Rendered users/show.html.erb within layouts/application (4.3ms)
Completed 200 OK in 74ms (Views: 66.4ms)


Started GET "/users" for 127.0.0.1 at 2018-11-23 01:11:19 +0530
Processing by UsersController#index as HTML
  Rendered users/index.html.erb within layouts/application (3.8ms)
Completed 200 OK in 41ms (Views: 40.3ms)


Started GET "/users/new" for 127.0.0.1 at 2018-11-23 01:16:34 +0530
Processing by UsersController#new as HTML
  Rendered users/_form.html.erb (2.8ms)
  Rendered users/new.html.erb within layouts/application (3.5ms)
Completed 200 OK in 36ms (Views: 30.2ms)


Started GET "/users/new" for 127.0.0.1 at 2018-11-23 01:27:34 +0530
Processing by UsersController#new as HTML
Completed 500 Internal Server Error in 2ms


Started GET "/users/new" for 127.0.0.1 at 2018-11-23 01:27:50 +0530
Processing by UsersController#new as HTML
Completed 500 Internal Server Error in 11ms


Started GET "/users/new" for 127.0.0.1 at 2018-11-23 01:28:41 +0530
Processing by UsersController#new as HTML
  Rendered users/_form.html.erb (17.2ms)
  Rendered users/new.html.erb within layouts/application (20.9ms)
Completed 200 OK in 180ms (Views: 167.7ms)


Started POST "/users" for 127.0.0.1 at 2018-11-23 01:28:46 +0530
Processing by UsersController#create as HTML
  Parameters: {"utf8"=>"✓", "authenticity_token"=>"2kV+gdwVjRRIINXAnQTyQfY8vInW2u7W2fxqNUACdeNvzi0024NCJA55ZW2235ncEj/EMdIY3L4m90R/jO7Xxw==", "user"=>{"Name"=>"j", "Email"=>"", "Phone_No"=>"", "Password"=>"[FILTERED]", "Confirm_Password"=>"[FILTERED]"}, "commit"=>"Create User"}
Completed 500 Internal Server Error in 6ms

Mongoid::Errors::NoClientConfig (
message:
  No configuration could be found for a client named 'default'.
summary:
  When attempting to create the new client, Mongoid could not find a client configuration for the name: 'default'. This is necessary in order to know the host, port, and options needed to connect.
resolution:
  Double check your mongoid.yml to make sure under the clients key that a configuration exists for 'default'. If you have set the configuration programatically, ensure that 'default' exists in the configuration hash.):
  


  Rendered /usr/lib/ruby/vendor_ruby/action_dispatch/middleware/templates/rescues/_source.erb (0.8ms)
  Rendered /usr/lib/ruby/vendor_ruby/action_dispatch/middleware/templates/rescues/_trace.html.erb (1.4ms)
  Rendered /usr/lib/ruby/vendor_ruby/action_dispatch/middleware/templates/rescues/_request_and_response.html.erb (0.9ms)
  Rendered /usr/lib/ruby/vendor_ruby/action_dispatch/middleware/templates/rescues/diagnostics.html.erb within rescues/layout (28.8ms)
  Rendered /usr/lib/ruby/vendor_ruby/web_console/templates/_markup.html.erb (0.4ms)
  Rendered /usr/lib/ruby/vendor_ruby/web_console/templates/_inner_console_markup.html.erb within layouts/inlined_string (0.3ms)
  Rendered /usr/lib/ruby/vendor_ruby/web_console/templates/_prompt_box_markup.html.erb within layouts/inlined_string (0.3ms)
  Rendered /usr/lib/ruby/vendor_ruby/web_console/templates/style.css.erb within layouts/inlined_string (0.3ms)
  Rendered /usr/lib/ruby/vendor_ruby/web_console/templates/console.js.erb within layouts/javascript (13.6ms)
  Rendered /usr/lib/ruby/vendor_ruby/web_console/templates/main.js.erb within layouts/javascript (0.3ms)
  Rendered /usr/lib/ruby/vendor_ruby/web_console/templates/error_page.js.erb within layouts/javascript (0.4ms)
  Rendered /usr/lib/ruby/vendor_ruby/web_console/templates/index.html.erb (27.4ms)


Started POST "/users" for 127.0.0.1 at 2018-11-23 01:28:59 +0530
Processing by UsersController#create as HTML
  Parameters: {"utf8"=>"✓", "authenticity_token"=>"2kV+gdwVjRRIINXAnQTyQfY8vInW2u7W2fxqNUACdeNvzi0024NCJA55ZW2235ncEj/EMdIY3L4m90R/jO7Xxw==", "user"=>{"Name"=>"", "Email"=>"", "Phone_No"=>"", "Password"=>"[FILTERED]", "Confirm_Password"=>"[FILTERED]"}, "commit"=>"Create User"}
Completed 500 Internal Server Error in 5ms

Mongoid::Errors::NoClientConfig (
message:
  No configuration could be found for a client named 'default'.
summary:
  When attempting to create the new client, Mongoid could not find a client configuration for the name: 'default'. This is necessary in order to know the host, port, and options needed to connect.
resolution:
  Double check your mongoid.yml to make sure under the clients key that a configuration exists for 'default'. If you have set the configuration programatically, ensure that 'default' exists in the configuration hash.):
  


  Rendered /usr/lib/ruby/vendor_ruby/action_dispatch/middleware/templates/rescues/_source.erb (0.8ms)
  Rendered /usr/lib/ruby/vendor_ruby/action_dispatch/middleware/templates/rescues/_trace.html.erb (0.9ms)
  Rendered /usr/lib/ruby/vendor_ruby/action_dispatch/middleware/templates/rescues/_request_and_response.html.erb (1.0ms)
  Rendered /usr/lib/ruby/vendor_ruby/action_dispatch/middleware/templates/rescues/diagnostics.html.erb within rescues/layout (15.3ms)
  Rendered /usr/lib/ruby/vendor_ruby/web_console/templates/_markup.html.erb (0.3ms)
  Rendered /usr/lib/ruby/vendor_ruby/web_console/templates/_inner_console_markup.html.erb within layouts/inlined_string (0.3ms)
  Rendered /usr/lib/ruby/vendor_ruby/web_console/templates/_prompt_box_markup.html.erb within layouts/inlined_string (0.2ms)
  Rendered /usr/lib/ruby/vendor_ruby/web_console/templates/style.css.erb within layouts/inlined_string (0.3ms)
  Rendered /usr/lib/ruby/vendor_ruby/web_console/templates/console.js.erb within layouts/javascript (13.2ms)
  Rendered /usr/lib/ruby/vendor_ruby/web_console/templates/main.js.erb within layouts/javascript (0.3ms)
  Rendered /usr/lib/ruby/vendor_ruby/web_console/templates/error_page.js.erb within layouts/javascript (0.4ms)
  Rendered /usr/lib/ruby/vendor_ruby/web_console/templates/index.html.erb (26.9ms)


Started GET "/users/new" for 127.0.0.1 at 2018-11-23 01:30:21 +0530
Processing by UsersController#new as HTML
  Rendered users/_form.html.erb (2.3ms)
  Rendered users/new.html.erb within layouts/application (2.8ms)
Completed 200 OK in 34ms (Views: 28.5ms)


Started POST "/users" for 127.0.0.1 at 2018-11-23 01:30:23 +0530
Processing by UsersController#create as HTML
  Parameters: {"utf8"=>"✓", "authenticity_token"=>"XpzUjMvFUXg2YC1xT+VmaLcOFW37otUZJ83SBYMafn/rF4c5zFOeSHA5ndxkPg31Uw1t1f9g53HYxvxPT/bcWw==", "user"=>{"Name"=>"", "Email"=>"", "Phone_No"=>"", "Password"=>"[FILTERED]", "Confirm_Password"=>"[FILTERED]"}, "commit"=>"Create User"}
Completed 500 Internal Server Error in 4ms

Mongoid::Errors::NoClientConfig (
message:
  No configuration could be found for a client named 'default'.
summary:
  When attempting to create the new client, Mongoid could not find a client configuration for the name: 'default'. This is necessary in order to know the host, port, and options needed to connect.
resolution:
  Double check your mongoid.yml to make sure under the clients key that a configuration exists for 'default'. If you have set the configuration programatically, ensure that 'default' exists in the configuration hash.):
  


  Rendered /usr/lib/ruby/vendor_ruby/action_dispatch/middleware/templates/rescues/_source.erb (0.9ms)
  Rendered /usr/lib/ruby/vendor_ruby/action_dispatch/middleware/templates/rescues/_trace.html.erb (0.9ms)
  Rendered /usr/lib/ruby/vendor_ruby/action_dispatch/middleware/templates/rescues/_request_and_response.html.erb (0.9ms)
  Rendered /usr/lib/ruby/vendor_ruby/action_dispatch/middleware/templates/rescues/diagnostics.html.erb within rescues/layout (16.1ms)
  Rendered /usr/lib/ruby/vendor_ruby/web_console/templates/_markup.html.erb (0.4ms)
  Rendered /usr/lib/ruby/vendor_ruby/web_console/templates/_inner_console_markup.html.erb within layouts/inlined_string (0.2ms)
  Rendered /usr/lib/ruby/vendor_ruby/web_console/templates/_prompt_box_markup.html.erb within layouts/inlined_string (0.3ms)
  Rendered /usr/lib/ruby/vendor_ruby/web_console/templates/style.css.erb within layouts/inlined_string (0.3ms)
  Rendered /usr/lib/ruby/vendor_ruby/web_console/templates/console.js.erb within layouts/javascript (13.1ms)
  Rendered /usr/lib/ruby/vendor_ruby/web_console/templates/main.js.erb within layouts/javascript (0.3ms)
  Rendered /usr/lib/ruby/vendor_ruby/web_console/templates/error_page.js.erb within layouts/javascript (0.5ms)
  Rendered /usr/lib/ruby/vendor_ruby/web_console/templates/index.html.erb (26.7ms)


Started POST "/users" for 127.0.0.1 at 2018-11-23 01:30:59 +0530
Processing by UsersController#create as HTML
  Parameters: {"utf8"=>"✓", "authenticity_token"=>"XpzUjMvFUXg2YC1xT+VmaLcOFW37otUZJ83SBYMafn/rF4c5zFOeSHA5ndxkPg31Uw1t1f9g53HYxvxPT/bcWw==", "user"=>{"Name"=>"", "Email"=>"", "Phone_No"=>"", "Password"=>"[FILTERED]", "Confirm_Password"=>"[FILTERED]"}, "commit"=>"Create User"}
Completed 500 Internal Server Error in 20ms

Mongoid::Errors::NoClientConfig (
message:
  No configuration could be found for a client named 'default'.
summary:
  When attempting to create the new client, Mongoid could not find a client configuration for the name: 'default'. This is necessary in order to know the host, port, and options needed to connect.
resolution:
  Double check your mongoid.yml to make sure under the clients key that a configuration exists for 'default'. If you have set the configuration programatically, ensure that 'default' exists in the configuration hash.):
  


  Rendered /usr/lib/ruby/vendor_ruby/action_dispatch/middleware/templates/rescues/_source.erb (2.3ms)
  Rendered /usr/lib/ruby/vendor_ruby/action_dispatch/middleware/templates/rescues/_trace.html.erb (2.2ms)
  Rendered /usr/lib/ruby/vendor_ruby/action_dispatch/middleware/templates/rescues/_request_and_response.html.erb (1.4ms)
  Rendered /usr/lib/ruby/vendor_ruby/action_dispatch/middleware/templates/rescues/diagnostics.html.erb within rescues/layout (42.2ms)
  Rendered /usr/lib/ruby/vendor_ruby/web_console/templates/_markup.html.erb (0.4ms)
  Rendered /usr/lib/ruby/vendor_ruby/web_console/templates/_inner_console_markup.html.erb within layouts/inlined_string (0.3ms)
  Rendered /usr/lib/ruby/vendor_ruby/web_console/templates/_prompt_box_markup.html.erb within layouts/inlined_string (0.2ms)
  Rendered /usr/lib/ruby/vendor_ruby/web_console/templates/style.css.erb within layouts/inlined_string (0.3ms)
  Rendered /usr/lib/ruby/vendor_ruby/web_console/templates/console.js.erb within layouts/javascript (13.1ms)
  Rendered /usr/lib/ruby/vendor_ruby/web_console/templates/main.js.erb within layouts/javascript (0.3ms)
  Rendered /usr/lib/ruby/vendor_ruby/web_console/templates/error_page.js.erb within layouts/javascript (0.4ms)
  Rendered /usr/lib/ruby/vendor_ruby/web_console/templates/index.html.erb (28.2ms)


Started POST "/users" for 127.0.0.1 at 2018-11-23 01:36:33 +0530
Processing by UsersController#create as HTML
  Parameters: {"utf8"=>"✓", "authenticity_token"=>"XpzUjMvFUXg2YC1xT+VmaLcOFW37otUZJ83SBYMafn/rF4c5zFOeSHA5ndxkPg31Uw1t1f9g53HYxvxPT/bcWw==", "user"=>{"Name"=>"", "Email"=>"", "Phone_No"=>"", "Password"=>"[FILTERED]", "Confirm_Password"=>"[FILTERED]"}, "commit"=>"Create User"}
Completed 500 Internal Server Error in 26ms

Mongoid::Errors::NoClientConfig (
message:
  No configuration could be found for a client named 'default'.
summary:
  When attempting to create the new client, Mongoid could not find a client configuration for the name: 'default'. This is necessary in order to know the host, port, and options needed to connect.
resolution:
  Double check your mongoid.yml to make sure under the clients key that a configuration exists for 'default'. If you have set the configuration programatically, ensure that 'default' exists in the configuration hash.):
  


  Rendered /usr/lib/ruby/vendor_ruby/action_dispatch/middleware/templates/rescues/_source.erb (1.0ms)
  Rendered /usr/lib/ruby/vendor_ruby/action_dispatch/middleware/templates/rescues/_trace.html.erb (1.0ms)
  Rendered /usr/lib/ruby/vendor_ruby/action_dispatch/middleware/templates/rescues/_request_and_response.html.erb (1.5ms)
  Rendered /usr/lib/ruby/vendor_ruby/action_dispatch/middleware/templates/rescues/diagnostics.html.erb within rescues/layout (16.5ms)
  Rendered /usr/lib/ruby/vendor_ruby/web_console/templates/_markup.html.erb (0.3ms)
  Rendered /usr/lib/ruby/vendor_ruby/web_console/templates/_inner_console_markup.html.erb within layouts/inlined_string (0.3ms)
  Rendered /usr/lib/ruby/vendor_ruby/web_console/templates/_prompt_box_markup.html.erb within layouts/inlined_string (0.4ms)
  Rendered /usr/lib/ruby/vendor_ruby/web_console/templates/style.css.erb within layouts/inlined_string (0.4ms)
  Rendered /usr/lib/ruby/vendor_ruby/web_console/templates/console.js.erb within layouts/javascript (14.6ms)
  Rendered /usr/lib/ruby/vendor_ruby/web_console/templates/main.js.erb within layouts/javascript (0.3ms)
  Rendered /usr/lib/ruby/vendor_ruby/web_console/templates/error_page.js.erb within layouts/javascript (0.4ms)
  Rendered /usr/lib/ruby/vendor_ruby/web_console/templates/index.html.erb (27.7ms)


Started GET "/users" for 127.0.0.1 at 2018-11-23 01:36:45 +0530
Processing by UsersController#index as HTML
  Rendered users/index.html.erb within layouts/application (5.1ms)
Completed 500 Internal Server Error in 9ms


Started GET "/users" for 127.0.0.1 at 2018-11-23 01:36:47 +0530
Processing by UsersController#index as HTML
  Rendered users/index.html.erb within layouts/application (3.0ms)
Completed 500 Internal Server Error in 6ms


Started GET "/users" for 127.0.0.1 at 2018-11-23 01:37:03 +0530
Processing by UsersController#index as HTML
  Rendered users/index.html.erb within layouts/application (2.8ms)
Completed 500 Internal Server Error in 5ms


Started GET "/users" for 127.0.0.1 at 2018-11-23 01:37:05 +0530
Processing by UsersController#index as HTML
  Rendered users/index.html.erb within layouts/application (2.7ms)
Completed 500 Internal Server Error in 5ms


Started GET "/users" for 127.0.0.1 at 2018-11-23 01:37:40 +0530
Processing by UsersController#index as HTML
  Rendered users/index.html.erb within layouts/application (10.8ms)
Completed 500 Internal Server Error in 40ms


Started GET "/" for 127.0.0.1 at 2018-11-23 01:37:43 +0530
Processing by Rails::WelcomeController#index as HTML
  Rendered /usr/lib/ruby/vendor_ruby/rails/templates/rails/welcome/index.html.erb (0.6ms)
Completed 200 OK in 5ms (Views: 5.0ms)


Started GET "/users/" for 127.0.0.1 at 2018-11-23 01:38:11 +0530
Processing by UsersController#index as HTML
  Rendered users/index.html.erb within layouts/application (2.0ms)
Completed 500 Internal Server Error in 14ms


Started GET "/users" for 127.0.0.1 at 2018-11-23 01:38:13 +0530
Processing by UsersController#index as HTML
  Rendered users/index.html.erb within layouts/application (2.4ms)
Completed 500 Internal Server Error in 4ms


Started GET "/" for 127.0.0.1 at 2018-11-23 01:38:56 +0530
Processing by Rails::WelcomeController#index as HTML
  Rendered /usr/lib/ruby/vendor_ruby/rails/templates/rails/welcome/index.html.erb (0.1ms)
Completed 200 OK in 2ms (Views: 1.3ms)


Started GET "/users" for 127.0.0.1 at 2018-11-23 01:39:30 +0530
Processing by UsersController#index as HTML
  Rendered users/index.html.erb within layouts/application (1.8ms)
Completed 500 Internal Server Error in 4ms


Started GET "/users/new" for 127.0.0.1 at 2018-11-23 01:41:54 +0530
Processing by UsersController#new as HTML
  Rendered users/_form.html.erb (13.9ms)
  Rendered users/new.html.erb within layouts/application (17.3ms)
Completed 200 OK in 158ms (Views: 157.5ms)


Started POST "/users" for 127.0.0.1 at 2018-11-23 01:41:56 +0530
Processing by UsersController#create as HTML
  Parameters: {"utf8"=>"✓", "authenticity_token"=>"57NR4uZL6pwX66lu1v1ckJEc/RKeFPIrRXZUpL/y+gpSOAJX4d0lrFGyGcP9JjcNdR+FqprWwEO6fXrucx5YLg==", "user"=>{"Name"=>"", "Email"=>"", "Phone_No"=>"", "Password"=>"[FILTERED]", "Confirm_Password"=>"[FILTERED]"}, "commit"=>"Create User"}
Completed 500 Internal Server Error in 2ms

Mongoid::Errors::NoClientConfig (
message:
  No configuration could be found for a client named 'default'.
summary:
  When attempting to create the new client, Mongoid could not find a client configuration for the name: 'default'. This is necessary in order to know the host, port, and options needed to connect.
resolution:
  Double check your mongoid.yml to make sure under the clients key that a configuration exists for 'default'. If you have set the configuration programatically, ensure that 'default' exists in the configuration hash.):
  


  Rendered /usr/lib/ruby/vendor_ruby/action_dispatch/middleware/templates/rescues/_source.erb (0.6ms)
  Rendered /usr/lib/ruby/vendor_ruby/action_dispatch/middleware/templates/rescues/_trace.html.erb (0.9ms)
  Rendered /usr/lib/ruby/vendor_ruby/action_dispatch/middleware/templates/rescues/_request_and_response.html.erb (1.1ms)
  Rendered /usr/lib/ruby/vendor_ruby/action_dispatch/middleware/templates/rescues/diagnostics.html.erb within rescues/layout (15.5ms)
  Rendered /usr/lib/ruby/vendor_ruby/web_console/templates/_markup.html.erb (0.4ms)
  Rendered /usr/lib/ruby/vendor_ruby/web_console/templates/_inner_console_markup.html.erb within layouts/inlined_string (0.5ms)
  Rendered /usr/lib/ruby/vendor_ruby/web_console/templates/_prompt_box_markup.html.erb within layouts/inlined_string (0.2ms)
  Rendered /usr/lib/ruby/vendor_ruby/web_console/templates/style.css.erb within layouts/inlined_string (0.3ms)
  Rendered /usr/lib/ruby/vendor_ruby/web_console/templates/console.js.erb within layouts/javascript (14.3ms)
  Rendered /usr/lib/ruby/vendor_ruby/web_console/templates/main.js.erb within layouts/javascript (0.2ms)
  Rendered /usr/lib/ruby/vendor_ruby/web_console/templates/error_page.js.erb within layouts/javascript (0.6ms)
  Rendered /usr/lib/ruby/vendor_ruby/web_console/templates/index.html.erb (28.7ms)


Started POST "/users" for 127.0.0.1 at 2018-11-23 01:42:34 +0530
Processing by UsersController#create as HTML
  Parameters: {"utf8"=>"✓", "authenticity_token"=>"57NR4uZL6pwX66lu1v1ckJEc/RKeFPIrRXZUpL/y+gpSOAJX4d0lrFGyGcP9JjcNdR+FqprWwEO6fXrucx5YLg==", "user"=>{"Name"=>"sam", "Email"=>"sam@yahoo.com", "Phone_No"=>"7598832770", "Password"=>"[FILTERED]", "Confirm_Password"=>"[FILTERED]"}, "commit"=>"Create User"}
Completed 500 Internal Server Error in 6ms

Mongoid::Errors::NoClientConfig (
message:
  No configuration could be found for a client named 'default'.
summary:
  When attempting to create the new client, Mongoid could not find a client configuration for the name: 'default'. This is necessary in order to know the host, port, and options needed to connect.
resolution:
  Double check your mongoid.yml to make sure under the clients key that a configuration exists for 'default'. If you have set the configuration programatically, ensure that 'default' exists in the configuration hash.):
  


  Rendered /usr/lib/ruby/vendor_ruby/action_dispatch/middleware/templates/rescues/_source.erb (0.7ms)
  Rendered /usr/lib/ruby/vendor_ruby/action_dispatch/middleware/templates/rescues/_trace.html.erb (1.1ms)
  Rendered /usr/lib/ruby/vendor_ruby/action_dispatch/middleware/templates/rescues/_request_and_response.html.erb (0.9ms)
  Rendered /usr/lib/ruby/vendor_ruby/action_dispatch/middleware/templates/rescues/diagnostics.html.erb within rescues/layout (17.0ms)
  Rendered /usr/lib/ruby/vendor_ruby/web_console/templates/_markup.html.erb (0.4ms)
  Rendered /usr/lib/ruby/vendor_ruby/web_console/templates/_inner_console_markup.html.erb within layouts/inlined_string (0.3ms)
  Rendered /usr/lib/ruby/vendor_ruby/web_console/templates/_prompt_box_markup.html.erb within layouts/inlined_string (0.3ms)
  Rendered /usr/lib/ruby/vendor_ruby/web_console/templates/style.css.erb within layouts/inlined_string (0.4ms)
  Rendered /usr/lib/ruby/vendor_ruby/web_console/templates/console.js.erb within layouts/javascript (14.6ms)
  Rendered /usr/lib/ruby/vendor_ruby/web_console/templates/main.js.erb within layouts/javascript (0.3ms)
  Rendered /usr/lib/ruby/vendor_ruby/web_console/templates/error_page.js.erb within layouts/javascript (0.4ms)
  Rendered /usr/lib/ruby/vendor_ruby/web_console/templates/index.html.erb (28.0ms)


Started GET "/users" for 127.0.0.1 at 2018-11-23 01:46:49 +0530
Processing by UsersController#index as HTML
  Rendered users/index.html.erb within layouts/application (2.2ms)
Completed 500 Internal Server Error in 4ms


Started GET "/users/5bf7065cdcc4ea1420000000" for 127.0.0.1 at 2018-11-23 01:46:54 +0530
Processing by UsersController#show as HTML
  Parameters: {"id"=>"5bf7065cdcc4ea1420000000"}
Completed 500 Internal Server Error in 2ms

Mongoid::Errors::NoClientConfig (
message:
  No configuration could be found for a client named 'default'.
summary:
  When attempting to create the new client, Mongoid could not find a client configuration for the name: 'default'. This is necessary in order to know the host, port, and options needed to connect.
resolution:
  Double check your mongoid.yml to make sure under the clients key that a configuration exists for 'default'. If you have set the configuration programatically, ensure that 'default' exists in the configuration hash.):
  


  Rendered /usr/lib/ruby/vendor_ruby/action_dispatch/middleware/templates/rescues/_source.erb (0.6ms)
  Rendered /usr/lib/ruby/vendor_ruby/action_dispatch/middleware/templates/rescues/_trace.html.erb (0.8ms)
  Rendered /usr/lib/ruby/vendor_ruby/action_dispatch/middleware/templates/rescues/_request_and_response.html.erb (0.8ms)
  Rendered /usr/lib/ruby/vendor_ruby/action_dispatch/middleware/templates/rescues/diagnostics.html.erb within rescues/layout (14.7ms)
  Rendered /usr/lib/ruby/vendor_ruby/web_console/templates/_markup.html.erb (1.2ms)
  Rendered /usr/lib/ruby/vendor_ruby/web_console/templates/_inner_console_markup.html.erb within layouts/inlined_string (0.3ms)
  Rendered /usr/lib/ruby/vendor_ruby/web_console/templates/_prompt_box_markup.html.erb within layouts/inlined_string (0.3ms)
  Rendered /usr/lib/ruby/vendor_ruby/web_console/templates/style.css.erb within layouts/inlined_string (0.7ms)
  Rendered /usr/lib/ruby/vendor_ruby/web_console/templates/console.js.erb within layouts/javascript (14.5ms)
  Rendered /usr/lib/ruby/vendor_ruby/web_console/templates/main.js.erb within layouts/javascript (0.2ms)
  Rendered /usr/lib/ruby/vendor_ruby/web_console/templates/error_page.js.erb within layouts/javascript (0.4ms)
  Rendered /usr/lib/ruby/vendor_ruby/web_console/templates/index.html.erb (28.7ms)


Started GET "/users/new" for 127.0.0.1 at 2018-11-23 01:47:05 +0530
Processing by UsersController#new as HTML
  Rendered users/_form.html.erb (3.4ms)
  Rendered users/new.html.erb within layouts/application (4.1ms)
Completed 200 OK in 27ms (Views: 26.7ms)


Started GET "/users" for 127.0.0.1 at 2018-11-23 01:47:08 +0530
Processing by UsersController#index as HTML
  Rendered users/index.html.erb within layouts/application (2.8ms)
Completed 500 Internal Server Error in 5ms


Started GET "/users" for 127.0.0.1 at 2018-11-23 01:47:08 +0530
Processing by UsersController#index as HTML
  Rendered users/index.html.erb within layouts/application (2.4ms)
Completed 500 Internal Server Error in 4ms


Started GET "/users/new" for 127.0.0.1 at 2018-11-23 01:47:19 +0530
Processing by UsersController#new as HTML
  Rendered users/_form.html.erb (2.4ms)
  Rendered users/new.html.erb within layouts/application (3.4ms)
Completed 200 OK in 31ms (Views: 30.7ms)


Started POST "/users" for 127.0.0.1 at 2018-11-23 01:47:22 +0530
Processing by UsersController#create as HTML
  Parameters: {"utf8"=>"✓", "authenticity_token"=>"WipRnVVXFKN5ldpcMp0SpiGa20mWwXWK99vInGYjUtnvoQIoUsHbkz/MavEZRnk7xZmj8ZIDR+II0ObWqs/w/Q==", "user"=>{"Name"=>"", "Email"=>"", "Phone_No"=>"", "Password"=>"[FILTERED]", "Confirm_Password"=>"[FILTERED]"}, "commit"=>"Create User"}
Completed 500 Internal Server Error in 2ms

Mongoid::Errors::NoClientConfig (
message:
  No configuration could be found for a client named 'default'.
summary:
  When attempting to create the new client, Mongoid could not find a client configuration for the name: 'default'. This is necessary in order to know the host, port, and options needed to connect.
resolution:
  Double check your mongoid.yml to make sure under the clients key that a configuration exists for 'default'. If you have set the configuration programatically, ensure that 'default' exists in the configuration hash.):
  


  Rendered /usr/lib/ruby/vendor_ruby/action_dispatch/middleware/templates/rescues/_source.erb (0.7ms)
  Rendered /usr/lib/ruby/vendor_ruby/action_dispatch/middleware/templates/rescues/_trace.html.erb (0.9ms)
  Rendered /usr/lib/ruby/vendor_ruby/action_dispatch/middleware/templates/rescues/_request_and_response.html.erb (1.0ms)
  Rendered /usr/lib/ruby/vendor_ruby/action_dispatch/middleware/templates/rescues/diagnostics.html.erb within rescues/layout (14.4ms)
  Rendered /usr/lib/ruby/vendor_ruby/web_console/templates/_markup.html.erb (0.4ms)
  Rendered /usr/lib/ruby/vendor_ruby/web_console/templates/_inner_console_markup.html.erb within layouts/inlined_string (0.4ms)
  Rendered /usr/lib/ruby/vendor_ruby/web_console/templates/_prompt_box_markup.html.erb within layouts/inlined_string (0.5ms)
  Rendered /usr/lib/ruby/vendor_ruby/web_console/templates/style.css.erb within layouts/inlined_string (0.4ms)
  Rendered /usr/lib/ruby/vendor_ruby/web_console/templates/console.js.erb within layouts/javascript (13.8ms)
  Rendered /usr/lib/ruby/vendor_ruby/web_console/templates/main.js.erb within layouts/javascript (0.3ms)
  Rendered /usr/lib/ruby/vendor_ruby/web_console/templates/error_page.js.erb within layouts/javascript (0.4ms)
  Rendered /usr/lib/ruby/vendor_ruby/web_console/templates/index.html.erb (26.9ms)


Started GET "/" for 127.0.0.1 at 2018-11-24 14:41:02 +0530
Processing by Rails::WelcomeController#index as HTML
  Rendered /usr/lib/ruby/vendor_ruby/rails/templates/rails/welcome/index.html.erb (49.5ms)
Completed 200 OK in 1695ms (Views: 780.5ms)


Started GET "/users/new" for 127.0.0.1 at 2018-11-24 14:41:13 +0530
Processing by UsersController#new as HTML
  Rendered users/_form.html.erb (158.7ms)
  Rendered users/new.html.erb within layouts/application (163.8ms)
Completed 200 OK in 518ms (Views: 455.4ms)


Started GET "/users" for 127.0.0.1 at 2018-11-24 14:41:17 +0530
Processing by UsersController#index as HTML
  Rendered users/index.html.erb within layouts/application (4.4ms)
Completed 500 Internal Server Error in 7ms


Started GET "/users/new" for 127.0.0.1 at 2018-11-24 14:41:31 +0530
Processing by UsersController#new as HTML
  Rendered users/_form.html.erb (2.0ms)
  Rendered users/new.html.erb within layouts/application (2.8ms)
Completed 200 OK in 26ms (Views: 25.5ms)


Started POST "/users" for 127.0.0.1 at 2018-11-24 14:41:42 +0530
Processing by UsersController#create as HTML
  Parameters: {"utf8"=>"✓", "authenticity_token"=>"3VRKbWrPqgZBO9yyPLfQHm0uAvrK2rDolk0o2uXJmFwgmc1bAsjG6Afol7hajaGO6/js6Kn7gQeOMSo/FMb9Jg==", "user"=>{"Name"=>"hjhdt", "Email"=>"jg", "Phone_No"=>"53", "Password"=>"[FILTERED]", "Confirm_Password"=>"[FILTERED]"}, "commit"=>"Create User"}
Completed 500 Internal Server Error in 7ms

Mongoid::Errors::NoClientConfig (
message:
  No configuration could be found for a client named 'default'.
summary:
  When attempting to create the new client, Mongoid could not find a client configuration for the name: 'default'. This is necessary in order to know the host, port, and options needed to connect.
resolution:
  Double check your mongoid.yml to make sure under the clients key that a configuration exists for 'default'. If you have set the configuration programatically, ensure that 'default' exists in the configuration hash.):
  


  Rendered /usr/lib/ruby/vendor_ruby/action_dispatch/middleware/templates/rescues/_source.erb (1.3ms)
  Rendered /usr/lib/ruby/vendor_ruby/action_dispatch/middleware/templates/rescues/_trace.html.erb (1.4ms)
  Rendered /usr/lib/ruby/vendor_ruby/action_dispatch/middleware/templates/rescues/_request_and_response.html.erb (0.9ms)
  Rendered /usr/lib/ruby/vendor_ruby/action_dispatch/middleware/templates/rescues/diagnostics.html.erb within rescues/layout (30.1ms)
  Rendered /usr/lib/ruby/vendor_ruby/web_console/templates/_markup.html.erb (0.5ms)
  Rendered /usr/lib/ruby/vendor_ruby/web_console/templates/_inner_console_markup.html.erb within layouts/inlined_string (0.7ms)
  Rendered /usr/lib/ruby/vendor_ruby/web_console/templates/_prompt_box_markup.html.erb within layouts/inlined_string (0.4ms)
  Rendered /usr/lib/ruby/vendor_ruby/web_console/templates/style.css.erb within layouts/inlined_string (0.4ms)
  Rendered /usr/lib/ruby/vendor_ruby/web_console/templates/console.js.erb within layouts/javascript (34.3ms)
  Rendered /usr/lib/ruby/vendor_ruby/web_console/templates/main.js.erb within layouts/javascript (0.4ms)
  Rendered /usr/lib/ruby/vendor_ruby/web_console/templates/error_page.js.erb within layouts/javascript (0.4ms)
  Rendered /usr/lib/ruby/vendor_ruby/web_console/templates/index.html.erb (124.2ms)


Started GET "/users/new" for 127.0.0.1 at 2018-11-24 15:43:39 +0530
Processing by UsersController#new as HTML
  Rendered users/_form.html.erb (2.4ms)
  Rendered users/new.html.erb within layouts/application (3.2ms)
Completed 200 OK in 37ms (Views: 36.0ms)


Started GET "/users" for 127.0.0.1 at 2018-11-24 15:50:21 +0530
Processing by UsersController#index as HTML
  Rendered users/index.html.erb within layouts/application (9.6ms)
Completed 500 Internal Server Error in 36ms


Started GET "/users/new" for 127.0.0.1 at 2018-11-24 15:50:24 +0530
Processing by UsersController#new as HTML
  Rendered users/_form.html.erb (18.6ms)
  Rendered users/new.html.erb within layouts/application (23.2ms)
Completed 200 OK in 161ms (Views: 160.0ms)


Started POST "/users" for 127.0.0.1 at 2018-11-24 15:50:29 +0530
Processing by UsersController#create as HTML
  Parameters: {"utf8"=>"✓", "authenticity_token"=>"Q0T9pEq4LldOasI5RXwwhBS/AaUZhBqoWWVdIbRnj+q+iXqSIr9CuQi5iTMjRkEUkmnvt3qlK0dBGV/ERWjqkA==", "user"=>{"Name"=>"", "Email"=>"", "Phone_No"=>"", "Password"=>"[FILTERED]", "Confirm_Password"=>"[FILTERED]"}, "commit"=>"Create User"}
Completed 500 Internal Server Error in 2ms

Mongoid::Errors::NoClientConfig (
message:
  No configuration could be found for a client named 'default'.
summary:
  When attempting to create the new client, Mongoid could not find a client configuration for the name: 'default'. This is necessary in order to know the host, port, and options needed to connect.
resolution:
  Double check your mongoid.yml to make sure under the clients key that a configuration exists for 'default'. If you have set the configuration programatically, ensure that 'default' exists in the configuration hash.):
  


  Rendered /usr/lib/ruby/vendor_ruby/action_dispatch/middleware/templates/rescues/_source.erb (1.0ms)
  Rendered /usr/lib/ruby/vendor_ruby/action_dispatch/middleware/templates/rescues/_trace.html.erb (1.0ms)
  Rendered /usr/lib/ruby/vendor_ruby/action_dispatch/middleware/templates/rescues/_request_and_response.html.erb (0.9ms)
  Rendered /usr/lib/ruby/vendor_ruby/action_dispatch/middleware/templates/rescues/diagnostics.html.erb within rescues/layout (14.8ms)
  Rendered /usr/lib/ruby/vendor_ruby/web_console/templates/_markup.html.erb (0.5ms)
  Rendered /usr/lib/ruby/vendor_ruby/web_console/templates/_inner_console_markup.html.erb within layouts/inlined_string (0.3ms)
  Rendered /usr/lib/ruby/vendor_ruby/web_console/templates/_prompt_box_markup.html.erb within layouts/inlined_string (0.2ms)
  Rendered /usr/lib/ruby/vendor_ruby/web_console/templates/style.css.erb within layouts/inlined_string (0.3ms)
  Rendered /usr/lib/ruby/vendor_ruby/web_console/templates/console.js.erb within layouts/javascript (13.5ms)
  Rendered /usr/lib/ruby/vendor_ruby/web_console/templates/main.js.erb within layouts/javascript (0.3ms)
  Rendered /usr/lib/ruby/vendor_ruby/web_console/templates/error_page.js.erb within layouts/javascript (0.4ms)
  Rendered /usr/lib/ruby/vendor_ruby/web_console/templates/index.html.erb (27.6ms)


Started GET "/users" for 127.0.0.1 at 2018-11-24 15:52:21 +0530
Processing by UsersController#index as HTML
  Rendered users/index.html.erb within layouts/application (9.6ms)
Completed 500 Internal Server Error in 37ms


Started GET "/users" for 127.0.0.1 at 2018-11-24 15:52:23 +0530
Processing by UsersController#index as HTML
  Rendered users/index.html.erb within layouts/application (2.6ms)
Completed 500 Internal Server Error in 5ms


Started POST "/users" for 127.0.0.1 at 2018-11-24 15:52:28 +0530
Processing by UsersController#create as HTML
  Parameters: {"utf8"=>"✓", "authenticity_token"=>"Q0T9pEq4LldOasI5RXwwhBS/AaUZhBqoWWVdIbRnj+q+iXqSIr9CuQi5iTMjRkEUkmnvt3qlK0dBGV/ERWjqkA==", "user"=>{"Name"=>"", "Email"=>"", "Phone_No"=>"", "Password"=>"[FILTERED]", "Confirm_Password"=>"[FILTERED]"}, "commit"=>"Create User"}
Completed 500 Internal Server Error in 4ms

Mongoid::Errors::NoClientConfig (
message:
  No configuration could be found for a client named 'default'.
summary:
  When attempting to create the new client, Mongoid could not find a client configuration for the name: 'default'. This is necessary in order to know the host, port, and options needed to connect.
resolution:
  Double check your mongoid.yml to make sure under the clients key that a configuration exists for 'default'. If you have set the configuration programatically, ensure that 'default' exists in the configuration hash.):
  


  Rendered /usr/lib/ruby/vendor_ruby/action_dispatch/middleware/templates/rescues/_source.erb (1.0ms)
  Rendered /usr/lib/ruby/vendor_ruby/action_dispatch/middleware/templates/rescues/_trace.html.erb (0.8ms)
  Rendered /usr/lib/ruby/vendor_ruby/action_dispatch/middleware/templates/rescues/_request_and_response.html.erb (1.0ms)
  Rendered /usr/lib/ruby/vendor_ruby/action_dispatch/middleware/templates/rescues/diagnostics.html.erb within rescues/layout (14.5ms)
  Rendered /usr/lib/ruby/vendor_ruby/web_console/templates/_markup.html.erb (0.4ms)
  Rendered /usr/lib/ruby/vendor_ruby/web_console/templates/_inner_console_markup.html.erb within layouts/inlined_string (0.3ms)
  Rendered /usr/lib/ruby/vendor_ruby/web_console/templates/_prompt_box_markup.html.erb within layouts/inlined_string (0.3ms)
  Rendered /usr/lib/ruby/vendor_ruby/web_console/templates/style.css.erb within layouts/inlined_string (0.4ms)
  Rendered /usr/lib/ruby/vendor_ruby/web_console/templates/console.js.erb within layouts/javascript (15.0ms)
  Rendered /usr/lib/ruby/vendor_ruby/web_console/templates/main.js.erb within layouts/javascript (0.3ms)
  Rendered /usr/lib/ruby/vendor_ruby/web_console/templates/error_page.js.erb within layouts/javascript (0.4ms)
  Rendered /usr/lib/ruby/vendor_ruby/web_console/templates/index.html.erb (30.8ms)


Started GET "/users" for 127.0.0.1 at 2018-11-24 15:53:06 +0530
Processing by UsersController#index as HTML
  Rendered users/index.html.erb within layouts/application (9.8ms)
Completed 500 Internal Server Error in 38ms


Started POST "/users" for 127.0.0.1 at 2018-11-24 15:53:17 +0530
Processing by UsersController#create as HTML
  Parameters: {"utf8"=>"✓", "authenticity_token"=>"Q0T9pEq4LldOasI5RXwwhBS/AaUZhBqoWWVdIbRnj+q+iXqSIr9CuQi5iTMjRkEUkmnvt3qlK0dBGV/ERWjqkA==", "user"=>{"Name"=>"", "Email"=>"", "Phone_No"=>"", "Password"=>"[FILTERED]", "Confirm_Password"=>"[FILTERED]"}, "commit"=>"Create User"}
Completed 500 Internal Server Error in 4ms

Mongoid::Errors::NoClientConfig (
message:
  No configuration could be found for a client named 'default'.
summary:
  When attempting to create the new client, Mongoid could not find a client configuration for the name: 'default'. This is necessary in order to know the host, port, and options needed to connect.
resolution:
  Double check your mongoid.yml to make sure under the clients key that a configuration exists for 'default'. If you have set the configuration programatically, ensure that 'default' exists in the configuration hash.):
  


  Rendered /usr/lib/ruby/vendor_ruby/action_dispatch/middleware/templates/rescues/_source.erb (0.7ms)
  Rendered /usr/lib/ruby/vendor_ruby/action_dispatch/middleware/templates/rescues/_trace.html.erb (0.9ms)
  Rendered /usr/lib/ruby/vendor_ruby/action_dispatch/middleware/templates/rescues/_request_and_response.html.erb (0.9ms)
  Rendered /usr/lib/ruby/vendor_ruby/action_dispatch/middleware/templates/rescues/diagnostics.html.erb within rescues/layout (14.5ms)
  Rendered /usr/lib/ruby/vendor_ruby/web_console/templates/_markup.html.erb (0.3ms)
  Rendered /usr/lib/ruby/vendor_ruby/web_console/templates/_inner_console_markup.html.erb within layouts/inlined_string (0.3ms)
  Rendered /usr/lib/ruby/vendor_ruby/web_console/templates/_prompt_box_markup.html.erb within layouts/inlined_string (0.2ms)
  Rendered /usr/lib/ruby/vendor_ruby/web_console/templates/style.css.erb within layouts/inlined_string (0.3ms)
  Rendered /usr/lib/ruby/vendor_ruby/web_console/templates/console.js.erb within layouts/javascript (13.2ms)
  Rendered /usr/lib/ruby/vendor_ruby/web_console/templates/main.js.erb within layouts/javascript (0.3ms)
  Rendered /usr/lib/ruby/vendor_ruby/web_console/templates/error_page.js.erb within layouts/javascript (0.4ms)
  Rendered /usr/lib/ruby/vendor_ruby/web_console/templates/index.html.erb (29.0ms)


Started GET "/users" for 127.0.0.1 at 2018-11-24 15:56:14 +0530
Processing by UsersController#index as HTML
  Rendered users/index.html.erb within layouts/application (11.1ms)
Completed 500 Internal Server Error in 40ms


Started POST "/users" for 127.0.0.1 at 2018-11-24 15:56:21 +0530
Processing by UsersController#create as HTML
  Parameters: {"utf8"=>"✓", "authenticity_token"=>"Q0T9pEq4LldOasI5RXwwhBS/AaUZhBqoWWVdIbRnj+q+iXqSIr9CuQi5iTMjRkEUkmnvt3qlK0dBGV/ERWjqkA==", "user"=>{"Name"=>"", "Email"=>"", "Phone_No"=>"", "Password"=>"[FILTERED]", "Confirm_Password"=>"[FILTERED]"}, "commit"=>"Create User"}
Completed 500 Internal Server Error in 3ms

Mongoid::Errors::NoClientConfig (
message:
  No configuration could be found for a client named 'default'.
summary:
  When attempting to create the new client, Mongoid could not find a client configuration for the name: 'default'. This is necessary in order to know the host, port, and options needed to connect.
resolution:
  Double check your mongoid.yml to make sure under the clients key that a configuration exists for 'default'. If you have set the configuration programatically, ensure that 'default' exists in the configuration hash.):
  


  Rendered /usr/lib/ruby/vendor_ruby/action_dispatch/middleware/templates/rescues/_source.erb (0.8ms)
  Rendered /usr/lib/ruby/vendor_ruby/action_dispatch/middleware/templates/rescues/_trace.html.erb (0.9ms)
  Rendered /usr/lib/ruby/vendor_ruby/action_dispatch/middleware/templates/rescues/_request_and_response.html.erb (0.9ms)
  Rendered /usr/lib/ruby/vendor_ruby/action_dispatch/middleware/templates/rescues/diagnostics.html.erb within rescues/layout (14.7ms)
  Rendered /usr/lib/ruby/vendor_ruby/web_console/templates/_markup.html.erb (0.4ms)
  Rendered /usr/lib/ruby/vendor_ruby/web_console/templates/_inner_console_markup.html.erb within layouts/inlined_string (0.3ms)
  Rendered /usr/lib/ruby/vendor_ruby/web_console/templates/_prompt_box_markup.html.erb within layouts/inlined_string (0.3ms)
  Rendered /usr/lib/ruby/vendor_ruby/web_console/templates/style.css.erb within layouts/inlined_string (0.3ms)
  Rendered /usr/lib/ruby/vendor_ruby/web_console/templates/console.js.erb within layouts/javascript (13.4ms)
  Rendered /usr/lib/ruby/vendor_ruby/web_console/templates/main.js.erb within layouts/javascript (0.2ms)
  Rendered /usr/lib/ruby/vendor_ruby/web_console/templates/error_page.js.erb within layouts/javascript (0.3ms)
  Rendered /usr/lib/ruby/vendor_ruby/web_console/templates/index.html.erb (28.3ms)


Started GET "/users" for 127.0.0.1 at 2018-11-24 16:02:28 +0530
Processing by UsersController#index as HTML
  Rendered users/index.html.erb within layouts/application (9.9ms)
Completed 500 Internal Server Error in 36ms


Started POST "/users" for 127.0.0.1 at 2018-11-24 16:02:32 +0530
Processing by UsersController#create as HTML
  Parameters: {"utf8"=>"✓", "authenticity_token"=>"Q0T9pEq4LldOasI5RXwwhBS/AaUZhBqoWWVdIbRnj+q+iXqSIr9CuQi5iTMjRkEUkmnvt3qlK0dBGV/ERWjqkA==", "user"=>{"Name"=>"", "Email"=>"", "Phone_No"=>"", "Password"=>"[FILTERED]", "Confirm_Password"=>"[FILTERED]"}, "commit"=>"Create User"}
Completed 500 Internal Server Error in 4ms

Mongoid::Errors::NoClientConfig (
message:
  No configuration could be found for a client named 'default'.
summary:
  When attempting to create the new client, Mongoid could not find a client configuration for the name: 'default'. This is necessary in order to know the host, port, and options needed to connect.
resolution:
  Double check your mongoid.yml to make sure under the clients key that a configuration exists for 'default'. If you have set the configuration programatically, ensure that 'default' exists in the configuration hash.):
  


  Rendered /usr/lib/ruby/vendor_ruby/action_dispatch/middleware/templates/rescues/_source.erb (0.7ms)
  Rendered /usr/lib/ruby/vendor_ruby/action_dispatch/middleware/templates/rescues/_trace.html.erb (1.5ms)
  Rendered /usr/lib/ruby/vendor_ruby/action_dispatch/middleware/templates/rescues/_request_and_response.html.erb (1.4ms)
  Rendered /usr/lib/ruby/vendor_ruby/action_dispatch/middleware/templates/rescues/diagnostics.html.erb within rescues/layout (17.7ms)
  Rendered /usr/lib/ruby/vendor_ruby/web_console/templates/_markup.html.erb (0.4ms)
  Rendered /usr/lib/ruby/vendor_ruby/web_console/templates/_inner_console_markup.html.erb within layouts/inlined_string (0.4ms)
  Rendered /usr/lib/ruby/vendor_ruby/web_console/templates/_prompt_box_markup.html.erb within layouts/inlined_string (0.3ms)
  Rendered /usr/lib/ruby/vendor_ruby/web_console/templates/style.css.erb within layouts/inlined_string (0.4ms)
  Rendered /usr/lib/ruby/vendor_ruby/web_console/templates/console.js.erb within layouts/javascript (13.8ms)
  Rendered /usr/lib/ruby/vendor_ruby/web_console/templates/main.js.erb within layouts/javascript (0.3ms)
  Rendered /usr/lib/ruby/vendor_ruby/web_console/templates/error_page.js.erb within layouts/javascript (0.4ms)
  Rendered /usr/lib/ruby/vendor_ruby/web_console/templates/index.html.erb (31.3ms)


Started GET "/users" for 127.0.0.1 at 2018-11-24 16:04:21 +0530
Processing by UsersController#index as HTML
  Rendered users/index.html.erb within layouts/application (10.3ms)
Completed 500 Internal Server Error in 39ms


Started GET "/users" for 127.0.0.1 at 2018-11-24 16:08:47 +0530
Processing by UsersController#index as HTML
  Rendered users/index.html.erb within layouts/application (10.7ms)
Completed 500 Internal Server Error in 38ms


Started GET "/users/new" for 127.0.0.1 at 2018-11-24 16:08:52 +0530
Processing by UsersController#new as HTML
  Rendered users/_form.html.erb (13.6ms)
  Rendered users/new.html.erb within layouts/application (16.4ms)
Completed 200 OK in 150ms (Views: 149.3ms)


Started POST "/users" for 127.0.0.1 at 2018-11-24 16:08:59 +0530
Processing by UsersController#create as HTML
  Parameters: {"utf8"=>"✓", "authenticity_token"=>"gurhiQ6fqWEjSJEsrNrxCEI2QH/EE/Oy6IDo4M2IwqF/J2a/ZpjFj2Wb2ibK4ICYxOCubacywl3w/OoFPIen2w==", "user"=>{"Name"=>"", "Email"=>"", "Phone_No"=>"", "Password"=>"[FILTERED]", "Confirm_Password"=>"[FILTERED]"}, "commit"=>"Create User"}
Completed 500 Internal Server Error in 2ms

Mongoid::Errors::NoClientConfig (
message:
  No configuration could be found for a client named 'default'.
summary:
  When attempting to create the new client, Mongoid could not find a client configuration for the name: 'default'. This is necessary in order to know the host, port, and options needed to connect.
resolution:
  Double check your mongoid.yml to make sure under the clients key that a configuration exists for 'default'. If you have set the configuration programatically, ensure that 'default' exists in the configuration hash.):
  


  Rendered /usr/lib/ruby/vendor_ruby/action_dispatch/middleware/templates/rescues/_source.erb (0.6ms)
  Rendered /usr/lib/ruby/vendor_ruby/action_dispatch/middleware/templates/rescues/_trace.html.erb (0.9ms)
  Rendered /usr/lib/ruby/vendor_ruby/action_dispatch/middleware/templates/rescues/_request_and_response.html.erb (1.4ms)
  Rendered /usr/lib/ruby/vendor_ruby/action_dispatch/middleware/templates/rescues/diagnostics.html.erb within rescues/layout (14.4ms)
  Rendered /usr/lib/ruby/vendor_ruby/web_console/templates/_markup.html.erb (0.4ms)
  Rendered /usr/lib/ruby/vendor_ruby/web_console/templates/_inner_console_markup.html.erb within layouts/inlined_string (0.4ms)
  Rendered /usr/lib/ruby/vendor_ruby/web_console/templates/_prompt_box_markup.html.erb within layouts/inlined_string (0.2ms)
  Rendered /usr/lib/ruby/vendor_ruby/web_console/templates/style.css.erb within layouts/inlined_string (0.5ms)
  Rendered /usr/lib/ruby/vendor_ruby/web_console/templates/console.js.erb within layouts/javascript (14.5ms)
  Rendered /usr/lib/ruby/vendor_ruby/web_console/templates/main.js.erb within layouts/javascript (0.2ms)
  Rendered /usr/lib/ruby/vendor_ruby/web_console/templates/error_page.js.erb within layouts/javascript (0.3ms)
  Rendered /usr/lib/ruby/vendor_ruby/web_console/templates/index.html.erb (28.0ms)


Started GET "/users" for 127.0.0.1 at 2018-11-24 16:14:05 +0530
Processing by UsersController#index as HTML
  Rendered users/index.html.erb within layouts/application (5.1ms)
Completed 200 OK in 164ms (Views: 145.7ms)


Started GET "/users/new" for 127.0.0.1 at 2018-11-24 16:14:09 +0530
Processing by UsersController#new as HTML
  Rendered users/_form.html.erb (16.0ms)
  Rendered users/new.html.erb within layouts/application (19.4ms)
Completed 200 OK in 40ms (Views: 39.8ms)


Started POST "/users" for 127.0.0.1 at 2018-11-24 16:14:43 +0530
Processing by UsersController#create as HTML
  Parameters: {"utf8"=>"✓", "authenticity_token"=>"oiVCh6MBk0jnDuw7c9E6CJDZihufNYXFIrax+Tg6lLJf6MWxywb/pqHdpzEV60uYFg9kCfwUtCo6yrMcyTXxyA==", "user"=>{"Name"=>"", "Email"=>"nivetha7@gmail.com", "Phone_No"=>"9597588289", "Password"=>"[FILTERED]", "Confirm_Password"=>"[FILTERED]"}, "commit"=>"Create User"}
Redirected to http://0.0.0.0:3000/users/5bf92b9bdcc4ea0df9000000
Completed 302 Found in 151ms


Started GET "/users/5bf92b9bdcc4ea0df9000000" for 127.0.0.1 at 2018-11-24 16:14:43 +0530
Processing by UsersController#show as HTML
  Parameters: {"id"=>"5bf92b9bdcc4ea0df9000000"}
  Rendered users/show.html.erb within layouts/application (3.8ms)
Completed 200 OK in 170ms (Views: 167.4ms)


Started GET "/users/5bf92b9bdcc4ea0df9000000/edit" for 127.0.0.1 at 2018-11-24 16:14:46 +0530
Processing by UsersController#edit as HTML
  Parameters: {"id"=>"5bf92b9bdcc4ea0df9000000"}
  Rendered users/_form.html.erb (8.2ms)
  Rendered users/edit.html.erb within layouts/application (12.7ms)
Completed 200 OK in 149ms (Views: 146.9ms)


Started PATCH "/users/5bf92b9bdcc4ea0df9000000" for 127.0.0.1 at 2018-11-24 16:15:00 +0530
Processing by UsersController#update as HTML
  Parameters: {"utf8"=>"✓", "authenticity_token"=>"jVh214OEi/b2vhAntJ6w1Nm3frB4dw0ZP5OKGke3LWVwlfHh64PnGLBtWy3SpMFEX2GQohtWPPYn74j/trhIHw==", "user"=>{"Name"=>"Nivetha Amaresan", "Email"=>"nivetha7@gmail.com", "Phone_No"=>"9597588289", "Password"=>"[FILTERED]", "Confirm_Password"=>"[FILTERED]"}, "commit"=>"Update User", "id"=>"5bf92b9bdcc4ea0df9000000"}
Redirected to http://0.0.0.0:3000/users/5bf92b9bdcc4ea0df9000000
Completed 302 Found in 132ms


Started GET "/users/5bf92b9bdcc4ea0df9000000" for 127.0.0.1 at 2018-11-24 16:15:00 +0530
Processing by UsersController#show as HTML
  Parameters: {"id"=>"5bf92b9bdcc4ea0df9000000"}
  Rendered users/show.html.erb within layouts/application (1.2ms)
Completed 200 OK in 54ms (Views: 48.7ms)


Started GET "/users" for 127.0.0.1 at 2018-11-24 16:15:02 +0530
Processing by UsersController#index as HTML
  Rendered users/index.html.erb within layouts/application (2.8ms)
Completed 200 OK in 38ms (Views: 37.9ms)


Started GET "/users" for 127.0.0.1 at 2018-11-24 16:15:06 +0530
Processing by UsersController#index as HTML
  Rendered users/index.html.erb within layouts/application (2.7ms)
Completed 200 OK in 41ms (Views: 39.9ms)


Started GET "/users/new" for 127.0.0.1 at 2018-11-24 16:16:03 +0530
Processing by UsersController#new as HTML
  Rendered users/_form.html.erb (15.9ms)
  Rendered users/new.html.erb within layouts/application (20.3ms)
Completed 200 OK in 176ms (Views: 158.3ms)


Started POST "/users" for 127.0.0.1 at 2018-11-24 16:16:05 +0530
Processing by UsersController#create as HTML
  Parameters: {"utf8"=>"✓", "authenticity_token"=>"Uvo0q4KuL1TXd78cJOBvViYe72fsTtbTZcHPMJRGcGKvN7Od6qlDupGk9BZC2h7GoMgBdY9v5zx9vc3VZUkVGA==", "user"=>{"Name"=>"", "Email"=>"", "Phone_No"=>"", "Password"=>"[FILTERED]", "Confirm_Password"=>"[FILTERED]"}, "commit"=>"Create User"}
  Rendered users/_form.html.erb (4.8ms)
  Rendered users/new.html.erb within layouts/application (5.9ms)
Completed 200 OK in 32ms (Views: 28.2ms)


Started POST "/users" for 127.0.0.1 at 2018-11-24 16:16:18 +0530
Processing by UsersController#create as HTML
  Parameters: {"utf8"=>"✓", "authenticity_token"=>"Uvo0q4KuL1TXd78cJOBvViYe72fsTtbTZcHPMJRGcGKvN7Od6qlDupGk9BZC2h7GoMgBdY9v5zx9vc3VZUkVGA==", "user"=>{"Name"=>"", "Email"=>"", "Phone_No"=>"", "Password"=>"[FILTERED]", "Confirm_Password"=>"[FILTERED]"}, "commit"=>"Create User"}
  Rendered users/_form.html.erb (4.0ms)
  Rendered users/new.html.erb within layouts/application (4.7ms)
Completed 200 OK in 30ms (Views: 26.6ms)


Started GET "/assets/scaffolds.self-b51f1e98147cd08c45c6e7577cd6c0873fe97624f4bea55f13a2ace7f35a0e25.css?body=1" for 127.0.0.1 at 2018-11-24 16:16:18 +0530


Started GET "/assets/jquery.self-bd7ddd393353a8d2480a622e80342adf488fb6006d667e8b42e4c0073393abee.js?body=1" for 127.0.0.1 at 2018-11-24 16:16:18 +0530


Started GET "/assets/jquery_ujs.self-784a997f6726036b1993eb2217c9cb558e1cbb801c6da88105588c56f13b466a.js?body=1" for 127.0.0.1 at 2018-11-24 16:16:18 +0530


Started GET "/assets/application.self-e80e8f2318043e8af94dddc2adad5a4f09739a8ebb323b3ab31cd71d45fd9113.css?body=1" for 127.0.0.1 at 2018-11-24 16:16:18 +0530


Started GET "/assets/users.self-e3b0c44298fc1c149afbf4c8996fb92427ae41e4649b934ca495991b7852b855.css?body=1" for 127.0.0.1 at 2018-11-24 16:16:18 +0530


Started GET "/assets/turbolinks.self-6d31c9800156926aa02076f914b9e3c031e14c4c2bff50ee018c18f77fbedfc1.js?body=1" for 127.0.0.1 at 2018-11-24 16:16:18 +0530


Started GET "/assets/application.self-3b8dabdc891efe46b9a144b400ad69e37d7e5876bdc39dee783419a69d7ca819.js?body=1" for 127.0.0.1 at 2018-11-24 16:16:18 +0530


Started GET "/assets/users.self-877aef30ae1b040ab8a3aba4e3e309a11d7f2612f44dde450b5c157aa5f95c05.js?body=1" for 127.0.0.1 at 2018-11-24 16:16:18 +0530


Started GET "/users" for 127.0.0.1 at 2018-11-24 16:16:20 +0530
Processing by UsersController#index as HTML
  Rendered users/index.html.erb within layouts/application (19.5ms)
Completed 200 OK in 43ms (Views: 42.2ms)


Started GET "/users/new" for 127.0.0.1 at 2018-11-24 16:16:22 +0530
Processing by UsersController#new as HTML
  Rendered users/_form.html.erb (2.0ms)
  Rendered users/new.html.erb within layouts/application (2.7ms)
Completed 200 OK in 27ms (Views: 26.5ms)


Started POST "/users" for 127.0.0.1 at 2018-11-24 16:17:15 +0530
Processing by UsersController#create as HTML
  Parameters: {"utf8"=>"✓", "authenticity_token"=>"qI9f/BF0GVFbkPTz0Iawl6XD8K9bxTM7L09Y/9HsT0tVQtjKeXN1vx1Dv/m2vMEHIxUevTjkAtQ3M1oaIOMqMQ==", "user"=>{"Name"=>"a", "Email"=>"hj@yahoo.com", "Phone_No"=>"5765865376", "Password"=>"[FILTERED]", "Confirm_Password"=>"[FILTERED]"}, "commit"=>"Create User"}
  Rendered users/_form.html.erb (9.2ms)
  Rendered users/new.html.erb within layouts/application (12.8ms)
Completed 200 OK in 188ms (Views: 157.9ms)


Started GET "/users" for 127.0.0.1 at 2018-11-24 16:17:50 +0530
Processing by UsersController#index as HTML
  Rendered users/index.html.erb within layouts/application (3.5ms)
Completed 200 OK in 38ms (Views: 37.7ms)


Started GET "/assets/scaffolds.self-b51f1e98147cd08c45c6e7577cd6c0873fe97624f4bea55f13a2ace7f35a0e25.css?body=1" for 127.0.0.1 at 2018-11-24 16:17:50 +0530


Started GET "/assets/users.self-e3b0c44298fc1c149afbf4c8996fb92427ae41e4649b934ca495991b7852b855.css?body=1" for 127.0.0.1 at 2018-11-24 16:17:50 +0530


Started GET "/assets/application.self-e80e8f2318043e8af94dddc2adad5a4f09739a8ebb323b3ab31cd71d45fd9113.css?body=1" for 127.0.0.1 at 2018-11-24 16:17:50 +0530


Started GET "/assets/jquery.self-bd7ddd393353a8d2480a622e80342adf488fb6006d667e8b42e4c0073393abee.js?body=1" for 127.0.0.1 at 2018-11-24 16:17:50 +0530


Started GET "/assets/jquery_ujs.self-784a997f6726036b1993eb2217c9cb558e1cbb801c6da88105588c56f13b466a.js?body=1" for 127.0.0.1 at 2018-11-24 16:17:50 +0530


Started GET "/assets/turbolinks.self-6d31c9800156926aa02076f914b9e3c031e14c4c2bff50ee018c18f77fbedfc1.js?body=1" for 127.0.0.1 at 2018-11-24 16:17:50 +0530


Started GET "/assets/users.self-877aef30ae1b040ab8a3aba4e3e309a11d7f2612f44dde450b5c157aa5f95c05.js?body=1" for 127.0.0.1 at 2018-11-24 16:17:50 +0530


Started GET "/assets/application.self-3b8dabdc891efe46b9a144b400ad69e37d7e5876bdc39dee783419a69d7ca819.js?body=1" for 127.0.0.1 at 2018-11-24 16:17:50 +0530


Started POST "/users" for 127.0.0.1 at 2018-11-24 16:17:59 +0530
Processing by UsersController#create as HTML
  Parameters: {"utf8"=>"✓", "authenticity_token"=>"95/ckrF/i5M56qu+ghWDFZ1eGdY/Oqwwvtjmn65Y/38KUluk2XjnfX854LTkL/KFG4j3xFwbnd+mpOR6X1eaBQ==", "user"=>{"Name"=>"Joel", "Email"=>"hj@yahoo.com", "Phone_No"=>"5765865376", "Password"=>"[FILTERED]", "Confirm_Password"=>"[FILTERED]"}, "commit"=>"Create User"}
  Rendered users/_form.html.erb (4.2ms)
  Rendered users/new.html.erb within layouts/application (5.1ms)
Completed 200 OK in 33ms (Views: 28.9ms)


Started POST "/users" for 127.0.0.1 at 2018-11-24 16:18:10 +0530
Processing by UsersController#create as HTML
  Parameters: {"utf8"=>"✓", "authenticity_token"=>"ttwtcifuvbS6F6O8CquI/teqTDeeIAS087D/j32Y/GBLEapET+nRWvzE6LZskfluUXyiJf0BNVvrzP1qjJeZGg==", "user"=>{"Name"=>"Joel", "Email"=>"hj@yahoo.com", "Phone_No"=>"gkug", "Password"=>"[FILTERED]", "Confirm_Password"=>"[FILTERED]"}, "commit"=>"Create User"}
  Rendered users/_form.html.erb (2.7ms)
  Rendered users/new.html.erb within layouts/application (3.4ms)
Completed 200 OK in 45ms (Views: 40.5ms)


Started POST "/users" for 127.0.0.1 at 2018-11-24 16:18:19 +0530
Processing by UsersController#create as HTML
  Parameters: {"utf8"=>"✓", "authenticity_token"=>"1REFSe7uxX3ZO1muKGP+CRocEynqaE0vRw2XPnj4Gzso3IJ/humpk5/oEqROWY+ZnMr9O4lJfMBfcZXbifd+QQ==", "user"=>{"Name"=>"Joel", "Email"=>"hjyahoo.com", "Phone_No"=>"gkug", "Password"=>"[FILTERED]", "Confirm_Password"=>"[FILTERED]"}, "commit"=>"Create User"}
  Rendered users/_form.html.erb (3.6ms)
  Rendered users/new.html.erb within layouts/application (4.4ms)
Completed 200 OK in 33ms (Views: 28.4ms)


Started POST "/users" for 127.0.0.1 at 2018-11-24 16:19:31 +0530
Processing by UsersController#create as HTML
  Parameters: {"utf8"=>"✓", "authenticity_token"=>"j9Ck7adHMLxbNTtXQL5lA6bAex7jp64WtP1hpsy3gDlyHSPbz0BcUh3mcF0mhBSTIBaVDICGn/msgWNDPbjlQw==", "user"=>{"Name"=>"Joel Subash", "Email"=>"jo@yahoo.com", "Phone_No"=>"9962608631", "Password"=>"[FILTERED]", "Confirm_Password"=>"[FILTERED]"}, "commit"=>"Create User"}
Completed 500 Internal Server Error in 27ms

NameError (uninitialized constant User::Password):
  app/models/user.rb:17:in `checkpassword'
  app/controllers/users_controller.rb:30:in `block in create'
  app/controllers/users_controller.rb:29:in `create'


  Rendered /usr/lib/ruby/vendor_ruby/action_dispatch/middleware/templates/rescues/_source.erb (4.1ms)
  Rendered /usr/lib/ruby/vendor_ruby/action_dispatch/middleware/templates/rescues/_trace.html.erb (2.1ms)
  Rendered /usr/lib/ruby/vendor_ruby/action_dispatch/middleware/templates/rescues/_request_and_response.html.erb (0.9ms)
  Rendered /usr/lib/ruby/vendor_ruby/action_dispatch/middleware/templates/rescues/diagnostics.html.erb within rescues/layout (19.9ms)
  Rendered /usr/lib/ruby/vendor_ruby/web_console/templates/_markup.html.erb (0.3ms)
  Rendered /usr/lib/ruby/vendor_ruby/web_console/templates/_inner_console_markup.html.erb within layouts/inlined_string (0.7ms)
  Rendered /usr/lib/ruby/vendor_ruby/web_console/templates/_prompt_box_markup.html.erb within layouts/inlined_string (0.4ms)
  Rendered /usr/lib/ruby/vendor_ruby/web_console/templates/style.css.erb within layouts/inlined_string (0.3ms)
  Rendered /usr/lib/ruby/vendor_ruby/web_console/templates/console.js.erb within layouts/javascript (14.4ms)
  Rendered /usr/lib/ruby/vendor_ruby/web_console/templates/main.js.erb within layouts/javascript (0.3ms)
  Rendered /usr/lib/ruby/vendor_ruby/web_console/templates/error_page.js.erb within layouts/javascript (0.4ms)
  Rendered /usr/lib/ruby/vendor_ruby/web_console/templates/index.html.erb (29.4ms)


Started GET "/users" for 127.0.0.1 at 2018-11-24 16:24:39 +0530
Processing by UsersController#index as HTML
  Rendered users/index.html.erb within layouts/application (2.9ms)
Completed 200 OK in 140ms (Views: 130.9ms)


Started GET "/users/new" for 127.0.0.1 at 2018-11-24 16:24:41 +0530
Processing by UsersController#new as HTML
  Rendered users/_form.html.erb (17.1ms)
  Rendered users/new.html.erb within layouts/application (18.3ms)
Completed 200 OK in 56ms (Views: 55.4ms)


Started POST "/users" for 127.0.0.1 at 2018-11-24 16:25:17 +0530
Processing by UsersController#create as HTML
  Parameters: {"utf8"=>"✓", "authenticity_token"=>"YPSHPBGOJXR9YP3rPEFAZk16+u4Znm9IQEGKectJN0mdOQAKeYlJmjuztuFaezH2y6wU/Hq/XqdYPYicOkZSMw==", "user"=>{"Name"=>"Varsha", "Email"=>"varsha7@gmail.com", "Phone_No"=>"8428330465", "Password"=>"[FILTERED]", "Confirm_Password"=>"[FILTERED]"}, "commit"=>"Create User"}
Completed 500 Internal Server Error in 5ms

NameError (uninitialized constant User::Password):
  app/models/user.rb:16:in `checkpassword'
  app/controllers/users_controller.rb:30:in `block in create'
  app/controllers/users_controller.rb:29:in `create'


  Rendered /usr/lib/ruby/vendor_ruby/action_dispatch/middleware/templates/rescues/_source.erb (6.9ms)
  Rendered /usr/lib/ruby/vendor_ruby/action_dispatch/middleware/templates/rescues/_trace.html.erb (10.0ms)
  Rendered /usr/lib/ruby/vendor_ruby/action_dispatch/middleware/templates/rescues/_request_and_response.html.erb (0.9ms)
  Rendered /usr/lib/ruby/vendor_ruby/action_dispatch/middleware/templates/rescues/diagnostics.html.erb within rescues/layout (30.7ms)
  Rendered /usr/lib/ruby/vendor_ruby/web_console/templates/_markup.html.erb (0.3ms)
  Rendered /usr/lib/ruby/vendor_ruby/web_console/templates/_inner_console_markup.html.erb within layouts/inlined_string (0.3ms)
  Rendered /usr/lib/ruby/vendor_ruby/web_console/templates/_prompt_box_markup.html.erb within layouts/inlined_string (0.4ms)
  Rendered /usr/lib/ruby/vendor_ruby/web_console/templates/style.css.erb within layouts/inlined_string (0.4ms)
  Rendered /usr/lib/ruby/vendor_ruby/web_console/templates/console.js.erb within layouts/javascript (13.8ms)
  Rendered /usr/lib/ruby/vendor_ruby/web_console/templates/main.js.erb within layouts/javascript (0.2ms)
  Rendered /usr/lib/ruby/vendor_ruby/web_console/templates/error_page.js.erb within layouts/javascript (0.4ms)
  Rendered /usr/lib/ruby/vendor_ruby/web_console/templates/index.html.erb (26.7ms)


Started GET "/users" for 127.0.0.1 at 2018-11-24 16:26:46 +0530
Processing by UsersController#index as HTML
  Rendered users/index.html.erb within layouts/application (5.4ms)
Completed 200 OK in 165ms (Views: 145.5ms)


Started GET "/users/new" for 127.0.0.1 at 2018-11-24 16:26:48 +0530
Processing by UsersController#new as HTML
  Rendered users/_form.html.erb (16.3ms)
  Rendered users/new.html.erb within layouts/application (20.1ms)
Completed 200 OK in 42ms (Views: 41.1ms)


Started POST "/users" for 127.0.0.1 at 2018-11-24 16:28:03 +0530
Processing by UsersController#create as HTML
  Parameters: {"utf8"=>"✓", "authenticity_token"=>"IhAXtyMG35p0ZX750NDieKKcRJk8rwEhi9sY+b/cfnXf3ZCBSwGzdDK2NfO26pPoJEqqi1+OMM6TpxocTtMbDw==", "user"=>{"Name"=>"Varsha", "Email"=>"varsha7@gmail.com", "Phone_No"=>"8428330465", "Password"=>"[FILTERED]", "Confirm_Password"=>"[FILTERED]"}, "commit"=>"Create User"}
Completed 500 Internal Server Error in 4ms

NameError (uninitialized constant User::Password):
  app/models/user.rb:15:in `checkpassword'
  app/controllers/users_controller.rb:30:in `block in create'
  app/controllers/users_controller.rb:29:in `create'


  Rendered /usr/lib/ruby/vendor_ruby/action_dispatch/middleware/templates/rescues/_source.erb (4.4ms)
  Rendered /usr/lib/ruby/vendor_ruby/action_dispatch/middleware/templates/rescues/_trace.html.erb (2.2ms)
  Rendered /usr/lib/ruby/vendor_ruby/action_dispatch/middleware/templates/rescues/_request_and_response.html.erb (1.6ms)
  Rendered /usr/lib/ruby/vendor_ruby/action_dispatch/middleware/templates/rescues/diagnostics.html.erb within rescues/layout (20.0ms)
  Rendered /usr/lib/ruby/vendor_ruby/web_console/templates/_markup.html.erb (0.3ms)
  Rendered /usr/lib/ruby/vendor_ruby/web_console/templates/_inner_console_markup.html.erb within layouts/inlined_string (0.3ms)
  Rendered /usr/lib/ruby/vendor_ruby/web_console/templates/_prompt_box_markup.html.erb within layouts/inlined_string (0.4ms)
  Rendered /usr/lib/ruby/vendor_ruby/web_console/templates/style.css.erb within layouts/inlined_string (0.3ms)
  Rendered /usr/lib/ruby/vendor_ruby/web_console/templates/console.js.erb within layouts/javascript (13.8ms)
  Rendered /usr/lib/ruby/vendor_ruby/web_console/templates/main.js.erb within layouts/javascript (0.2ms)
  Rendered /usr/lib/ruby/vendor_ruby/web_console/templates/error_page.js.erb within layouts/javascript (0.4ms)
  Rendered /usr/lib/ruby/vendor_ruby/web_console/templates/index.html.erb (26.3ms)


Started GET "/users" for 127.0.0.1 at 2018-11-24 16:31:21 +0530
Processing by UsersController#index as HTML
  Rendered users/index.html.erb within layouts/application (2.1ms)
Completed 200 OK in 35ms (Views: 29.6ms)


Started GET "/users/new" for 127.0.0.1 at 2018-11-24 16:31:23 +0530
Processing by UsersController#new as HTML
  Rendered users/_form.html.erb (2.4ms)
  Rendered users/new.html.erb within layouts/application (3.2ms)
Completed 200 OK in 29ms (Views: 28.8ms)


Started POST "/users" for 127.0.0.1 at 2018-11-24 16:31:40 +0530
Processing by UsersController#create as HTML
  Parameters: {"utf8"=>"✓", "authenticity_token"=>"hOLbyeME0uyhnE4JMptbKuBAqIvJbw2fVD+BzW4dbfl5L1z/iwO+AudPBQNUoSq6ZpZGmapOPHBMQ4MonxIIgw==", "user"=>{"Name"=>"Varsha", "Email"=>"varsha7@gmail.com", "Phone_No"=>"8428330465", "Password"=>"[FILTERED]", "Confirm_Password"=>"[FILTERED]"}, "commit"=>"Create User"}
Completed 500 Internal Server Error in 6ms

NameError (uninitialized constant User::Password):
  app/models/user.rb:11:in `checkpassword'
  app/controllers/users_controller.rb:30:in `block in create'
  app/controllers/users_controller.rb:29:in `create'


  Rendered /usr/lib/ruby/vendor_ruby/action_dispatch/middleware/templates/rescues/_source.erb (4.2ms)
  Rendered /usr/lib/ruby/vendor_ruby/action_dispatch/middleware/templates/rescues/_trace.html.erb (2.0ms)
  Rendered /usr/lib/ruby/vendor_ruby/action_dispatch/middleware/templates/rescues/_request_and_response.html.erb (0.9ms)
  Rendered /usr/lib/ruby/vendor_ruby/action_dispatch/middleware/templates/rescues/diagnostics.html.erb within rescues/layout (18.5ms)
  Rendered /usr/lib/ruby/vendor_ruby/web_console/templates/_markup.html.erb (0.4ms)
  Rendered /usr/lib/ruby/vendor_ruby/web_console/templates/_inner_console_markup.html.erb within layouts/inlined_string (0.3ms)
  Rendered /usr/lib/ruby/vendor_ruby/web_console/templates/_prompt_box_markup.html.erb within layouts/inlined_string (0.4ms)
  Rendered /usr/lib/ruby/vendor_ruby/web_console/templates/style.css.erb within layouts/inlined_string (0.3ms)
  Rendered /usr/lib/ruby/vendor_ruby/web_console/templates/console.js.erb within layouts/javascript (13.8ms)
  Rendered /usr/lib/ruby/vendor_ruby/web_console/templates/main.js.erb within layouts/javascript (0.3ms)
  Rendered /usr/lib/ruby/vendor_ruby/web_console/templates/error_page.js.erb within layouts/javascript (0.3ms)
  Rendered /usr/lib/ruby/vendor_ruby/web_console/templates/index.html.erb (27.1ms)


Started GET "/users/new" for 127.0.0.1 at 2018-11-24 16:32:02 +0530
Processing by UsersController#new as HTML
  Rendered users/_form.html.erb (2.2ms)
  Rendered users/new.html.erb within layouts/application (2.9ms)
Completed 200 OK in 31ms (Views: 25.3ms)


Started GET "/users" for 127.0.0.1 at 2018-11-24 16:56:17 +0530
Processing by UsersController#index as HTML
  Rendered users/index.html.erb within layouts/application (2.5ms)
Completed 200 OK in 37ms (Views: 36.8ms)


Started GET "/assets/users.self-877aef30ae1b040ab8a3aba4e3e309a11d7f2612f44dde450b5c157aa5f95c05.js?body=1" for 127.0.0.1 at 2018-11-24 16:56:17 +0530


Started GET "/assets/application.self-3b8dabdc891efe46b9a144b400ad69e37d7e5876bdc39dee783419a69d7ca819.js?body=1" for 127.0.0.1 at 2018-11-24 16:56:17 +0530


Started GET "/users" for 127.0.0.1 at 2018-11-24 16:56:56 +0530
Processing by UsersController#index as HTML
  Rendered users/index.html.erb within layouts/application (8.6ms)
Completed 200 OK in 43ms (Views: 42.2ms)


Started GET "/users/new" for 127.0.0.1 at 2018-11-24 16:56:59 +0530
Processing by UsersController#new as HTML
  Rendered users/_form.html.erb (8.7ms)
  Rendered users/new.html.erb within layouts/application (11.4ms)
Completed 200 OK in 48ms (Views: 46.5ms)
